

eax            0xbffff864	-1073743772
ecx            0x7cb2d9cb	2092095947
edx            0x1	1
ebx            0xb7fd7ff4	-1208123404
esp            0xbffff750	0xbffff750
ebp            0xbffff7b8	0xbffff7b8
esi            0x0	0
edi            0x0	0
eip            0x804846d	0x804846d <main+9>
eflags         0x200286	[ PF SF IF ID ]
cs             0x73	115
ss             0x7b	123
ds             0x7b	123
es             0x7b	123
fs             0x0	0
gs             0x33	51
0xbffff750:	0x00000000	0x00000001	0xb7fff8f8	0xb7f0186e
0xbffff760:	0xb7fd7ff4	0xb7ec6165	0xbffff778	0xb7eada75
0xbffff770:	0xb7fd7ff4	0x080496fc	0xbffff788	0x08048334
0xbffff780:	0xb7ff1040	0x080496fc	0xbffff7b8	0x08048509
0xbffff790:	0xb7fd8304	0xb7fd7ff4	0x080484f0	0xbffff7b8
0xbffff7a0:	0xb7ec6365	0xb7ff1040	0x080484fb	0xb7fd7ff4
0xbffff7b0:	0x080484f0	0x00000000	0xbffff838	0xb7eadc76
0x804846d <main+9>:	cmp    DWORD PTR [ebp+0x8],0x1
0x8048471 <main+13>:	jne    0x8048487 <main+35>

(gdb) x/32wx $esp
0xbffff750:	0x00000000	0x00000001	0xb7fff8f8	0xb7f0186e
0xbffff760:	0xb7fd7ff4	0xb7ec6165	0xbffff778	0xb7eada75
0xbffff770:	0xb7fd7ff4	0x080496fc	0xbffff788	0x08048334
0xbffff780:	0xb7ff1040	0x080496fc	0xbffff7b8	0x08048509
0xbffff790:	0xb7fd8304	0xb7fd7ff4	0x080484f0	0xbffff7b8
0xbffff7a0:	0xb7ec6365	0xb7ff1040	0x080484fb	0xb7fd7ff4
0xbffff7b0:	0x080484f0	0x00000000	0xbffff838	0xb7eadc76
0xbffff7c0:	0x00000001	0xbffff864	0xbffff86c	0xb7fe1848

(gdb) x/wx $ebp+0x8
0xbffff7c0:	0x00000001

---

eax            0xbffff864	-1073743772
ecx            0x7cb2d9cb	2092095947
edx            0x1	1
ebx            0xb7fd7ff4	-1208123404
esp            0xbffff750	0xbffff750
ebp            0xbffff7b8	0xbffff7b8
esi            0x0	0
edi            0x0	0
eip            0x8048471	0x8048471 <main+13>
eflags         0x200246	[ PF ZF IF ID ]
cs             0x73	115
ss             0x7b	123
ds             0x7b	123
es             0x7b	123
fs             0x0	0
gs             0x33	51
0xbffff750:	0x00000000	0x00000001	0xb7fff8f8	0xb7f0186e
0xbffff760:	0xb7fd7ff4	0xb7ec6165	0xbffff778	0xb7eada75
0xbffff770:	0xb7fd7ff4	0x080496fc	0xbffff788	0x08048334
0xbffff780:	0xb7ff1040	0x080496fc	0xbffff7b8	0x08048509
0xbffff790:	0xb7fd8304	0xb7fd7ff4	0x080484f0	0xbffff7b8
0xbffff7a0:	0xb7ec6365	0xb7ff1040	0x080484fb	0xb7fd7ff4
0xbffff7b0:	0x080484f0	0x00000000	0xbffff838	0xb7eadc76
0x8048471 <main+13>:	jne    0x8048487 <main+35>
0x8048473 <main+15>:	mov    DWORD PTR [esp+0x4],0x80485a0

---

eax            0xbffff864	-1073743772
ecx            0x7cb2d9cb	2092095947
edx            0x1	1
ebx            0xb7fd7ff4	-1208123404
esp            0xbffff750	0xbffff750
ebp            0xbffff7b8	0xbffff7b8
esi            0x0	0
edi            0x0	0
eip            0x8048473	0x8048473 <main+15>
eflags         0x200246	[ PF ZF IF ID ]
cs             0x73	115
ss             0x7b	123
ds             0x7b	123
es             0x7b	123
fs             0x0	0
gs             0x33	51
0xbffff750:	0x00000000	0x00000001	0xb7fff8f8	0xb7f0186e
0xbffff760:	0xb7fd7ff4	0xb7ec6165	0xbffff778	0xb7eada75
0xbffff770:	0xb7fd7ff4	0x080496fc	0xbffff788	0x08048334
0xbffff780:	0xb7ff1040	0x080496fc	0xbffff7b8	0x08048509
0xbffff790:	0xb7fd8304	0xb7fd7ff4	0x080484f0	0xbffff7b8
0xbffff7a0:	0xb7ec6365	0xb7ff1040	0x080484fb	0xb7fd7ff4
0xbffff7b0:	0x080484f0	0x00000000	0xbffff838	0xb7eadc76
0x8048473 <main+15>:	mov    DWORD PTR [esp+0x4],0x80485a0
0x804847b <main+23>:	mov    DWORD PTR [esp],0x1

---

eax            0xbffff864	-1073743772
ecx            0x7cb2d9cb	2092095947
edx            0x1	1
ebx            0xb7fd7ff4	-1208123404
esp            0xbffff750	0xbffff750
ebp            0xbffff7b8	0xbffff7b8
esi            0x0	0
edi            0x0	0
eip            0x804847b	0x804847b <main+23>
eflags         0x200246	[ PF ZF IF ID ]
cs             0x73	115
ss             0x7b	123
ds             0x7b	123
es             0x7b	123
fs             0x0	0
gs             0x33	51
0xbffff750:	0x00000000	0x080485a0	0xb7fff8f8	0xb7f0186e
0xbffff760:	0xb7fd7ff4	0xb7ec6165	0xbffff778	0xb7eada75
0xbffff770:	0xb7fd7ff4	0x080496fc	0xbffff788	0x08048334
0xbffff780:	0xb7ff1040	0x080496fc	0xbffff7b8	0x08048509
0xbffff790:	0xb7fd8304	0xb7fd7ff4	0x080484f0	0xbffff7b8
0xbffff7a0:	0xb7ec6365	0xb7ff1040	0x080484fb	0xb7fd7ff4
0xbffff7b0:	0x080484f0	0x00000000	0xbffff838	0xb7eadc76
0x804847b <main+23>:	mov    DWORD PTR [esp],0x1
0x8048482 <main+30>:	call   0x8048388 <errx@plt>

---

eax            0xbffff864	-1073743772
ecx            0x7cb2d9cb	2092095947
edx            0x1	1
ebx            0xb7fd7ff4	-1208123404
esp            0xbffff750	0xbffff750
ebp            0xbffff7b8	0xbffff7b8
esi            0x0	0
edi            0x0	0
eip            0x8048482	0x8048482 <main+30>
eflags         0x200246	[ PF ZF IF ID ]
cs             0x73	115
ss             0x7b	123
ds             0x7b	123
es             0x7b	123
fs             0x0	0
gs             0x33	51
0xbffff750:	0x00000001	0x080485a0	0xb7fff8f8	0xb7f0186e
0xbffff760:	0xb7fd7ff4	0xb7ec6165	0xbffff778	0xb7eada75
0xbffff770:	0xb7fd7ff4	0x080496fc	0xbffff788	0x08048334
0xbffff780:	0xb7ff1040	0x080496fc	0xbffff7b8	0x08048509
0xbffff790:	0xb7fd8304	0xb7fd7ff4	0x080484f0	0xbffff7b8
0xbffff7a0:	0xb7ec6365	0xb7ff1040	0x080484fb	0xb7fd7ff4
0xbffff7b0:	0x080484f0	0x00000000	0xbffff838	0xb7eadc76
0x8048482 <main+30>:	call   0x8048388 <errx@plt>
0x8048487 <main+35>:	mov    DWORD PTR [esp+0x5c],0x0

---

stack1: please specify an argument


Program exited with code 01.
Error while running hook_stop:
No registers.
