Starting program: /opt/protostar/bin/stack1 AAAABBBBCCCCDDDDEEEEFFFFGGGGHHHHIIIIJJJJKKKKLLLLMMMMNNNNOOOOPPPPQQQQ
0x8048464 <main>:	push   ebp
eax            0xbffff804	-1073743868
ecx            0x4c28cd40	1277742400
edx            0x2	2
ebx            0xb7fd7ff4	-1208123404
esp            0xbffff75c	0xbffff75c
ebp            0xbffff7d8	0xbffff7d8
esi            0x0	0
edi            0x0	0
eip            0x8048464	0x8048464 <main>
eflags         0x200246	[ PF ZF IF ID ]
cs             0x73	115
ss             0x7b	123
ds             0x7b	123
es             0x7b	123
fs             0x0	0
gs             0x33	51
0xbffff75c:	0xb7eadc76	0x00000002	0xbffff804	0xbffff810
0xbffff76c:	0xb7fe1848	0xbffff7c0	0xffffffff	0xb7ffeff4
0xbffff77c:	0x08048281	0x00000001	0xbffff7c0	0xb7ff0626
0xbffff78c:	0xb7fffab0	0xb7fe1b28	0xb7fd7ff4	0x00000000
0xbffff79c:	0x00000000	0xbffff7d8	0x667e7b50	0x4c28cd40
0xbffff7ac:	0x00000000	0x00000000	0x00000000	0x00000002
0xbffff7bc:	0x080483b0	0x00000000	0xb7ff6210	0xb7eadb9b
0x8048464 <main>:	push   ebp
0x8048465 <main+1>:	mov    ebp,esp

Breakpoint 1, main (argc=2, argv=0xbffff804) at stack1/stack1.c:7
---Type <return> to continue, or q <return> to quit---
7	in stack1/stack1.c
(gdb) c
Continuing.
0x8048487 <main+35>:	mov    DWORD PTR [esp+0x5c],0x0
eax            0xbffff804	-1073743868
ecx            0x4c28cd40	1277742400
edx            0x2	2
ebx            0xb7fd7ff4	-1208123404
esp            0xbffff6f0	0xbffff6f0
ebp            0xbffff758	0xbffff758
esi            0x0	0
edi            0x0	0
eip            0x8048487	0x8048487 <main+35>
eflags         0x200202	[ IF ID ]
cs             0x73	115
ss             0x7b	123
ds             0x7b	123
es             0x7b	123
fs             0x0	0
gs             0x33	51
0xbffff6f0:	0x00000000	0x00000001	0xb7fff8f8	0xb7f0186e
0xbffff700:	0xb7fd7ff4	0xb7ec6165	0xbffff718	0xb7eada75
0xbffff710:	0xb7fd7ff4	0x080496fc	0xbffff728	0x08048334
0xbffff720:	0xb7ff1040	0x080496fc	0xbffff758	0x08048509
0xbffff730:	0xb7fd8304	0xb7fd7ff4	0x080484f0	0xbffff758
0xbffff740:	0xb7ec6365	0xb7ff1040	0x080484fb	0xb7fd7ff4
0xbffff750:	0x080484f0	0x00000000	0xbffff7d8	0xb7eadc76
0x8048487 <main+35>:	mov    DWORD PTR [esp+0x5c],0x0
0x804848f <main+43>:	mov    eax,DWORD PTR [ebp+0xc]

Breakpoint 2, main (argc=2, argv=0xbffff804) at stack1/stack1.c:15
15	in stack1/stack1.c
(gdb) x/wx $esp+0x5c
0xbffff74c:	0xb7fd7ff4

---

(gdb) ni
0x804848f <main+43>:	mov    eax,DWORD PTR [ebp+0xc]
eax            0xbffff804	-1073743868
ecx            0x4c28cd40	1277742400
edx            0x2	2
ebx            0xb7fd7ff4	-1208123404
esp            0xbffff6f0	0xbffff6f0
ebp            0xbffff758	0xbffff758
esi            0x0	0
edi            0x0	0
eip            0x804848f	0x804848f <main+43>
eflags         0x200202	[ IF ID ]
cs             0x73	115
ss             0x7b	123
ds             0x7b	123
es             0x7b	123
fs             0x0	0
gs             0x33	51
0xbffff6f0:	0x00000000	0x00000001	0xb7fff8f8	0xb7f0186e
0xbffff700:	0xb7fd7ff4	0xb7ec6165	0xbffff718	0xb7eada75
0xbffff710:	0xb7fd7ff4	0x080496fc	0xbffff728	0x08048334
0xbffff720:	0xb7ff1040	0x080496fc	0xbffff758	0x08048509
0xbffff730:	0xb7fd8304	0xb7fd7ff4	0x080484f0	0xbffff758
0xbffff740:	0xb7ec6365	0xb7ff1040	0x080484fb	0x00000000
0xbffff750:	0x080484f0	0x00000000	0xbffff7d8	0xb7eadc76
0x804848f <main+43>:	mov    eax,DWORD PTR [ebp+0xc]
0x8048492 <main+46>:	add    eax,0x4
16	in stack1/stack1.c
(gdb) x/wx $esp+0x5c
0xbffff74c:	0x00000000
(gdb) x/wx 0xbffff804
0xbffff804:	0xbffff92c
(gdb) x/24wx $ebp+0xc
0xbffff764:	0xbffff804	0xbffff810	0xb7fe1848	0xbffff7c0
0xbffff774:	0xffffffff	0xb7ffeff4	0x08048281	0x00000001
0xbffff784:	0xbffff7c0	0xb7ff0626	0xb7fffab0	0xb7fe1b28
0xbffff794:	0xb7fd7ff4	0x00000000	0x00000000	0xbffff7d8
0xbffff7a4:	0x667e7b50	0x4c28cd40	0x00000000	0x00000000
0xbffff7b4:	0x00000000	0x00000002	0x080483b0	0x00000000
(gdb) x/wx $ebp+0xc
0xbffff764:	0xbffff804

---

(gdb) ni
0x8048492 <main+46>:	add    eax,0x4
eax            0xbffff804	-1073743868
ecx            0x4c28cd40	1277742400
edx            0x2	2
ebx            0xb7fd7ff4	-1208123404
esp            0xbffff6f0	0xbffff6f0
ebp            0xbffff758	0xbffff758
esi            0x0	0
edi            0x0	0
eip            0x8048492	0x8048492 <main+46>
eflags         0x200202	[ IF ID ]
cs             0x73	115
ss             0x7b	123
ds             0x7b	123
es             0x7b	123
fs             0x0	0
gs             0x33	51
0xbffff6f0:	0x00000000	0x00000001	0xb7fff8f8	0xb7f0186e
0xbffff700:	0xb7fd7ff4	0xb7ec6165	0xbffff718	0xb7eada75
0xbffff710:	0xb7fd7ff4	0x080496fc	0xbffff728	0x08048334
0xbffff720:	0xb7ff1040	0x080496fc	0xbffff758	0x08048509
0xbffff730:	0xb7fd8304	0xb7fd7ff4	0x080484f0	0xbffff758
0xbffff740:	0xb7ec6365	0xb7ff1040	0x080484fb	0x00000000
0xbffff750:	0x080484f0	0x00000000	0xbffff7d8	0xb7eadc76
0x8048492 <main+46>:	add    eax,0x4
0x8048495 <main+49>:	mov    eax,DWORD PTR [eax]
0x08048492	16	in stack1/stack1.c
(gdb) 
0x8048495 <main+49>:	mov    eax,DWORD PTR [eax]
eax            0xbffff808	-1073743864
ecx            0x4c28cd40	1277742400
edx            0x2	2
ebx            0xb7fd7ff4	-1208123404
esp            0xbffff6f0	0xbffff6f0
ebp            0xbffff758	0xbffff758
esi            0x0	0
edi            0x0	0
eip            0x8048495	0x8048495 <main+49>
eflags         0x200282	[ SF IF ID ]
cs             0x73	115
ss             0x7b	123
ds             0x7b	123
es             0x7b	123
fs             0x0	0
gs             0x33	51
0xbffff6f0:	0x00000000	0x00000001	0xb7fff8f8	0xb7f0186e
0xbffff700:	0xb7fd7ff4	0xb7ec6165	0xbffff718	0xb7eada75
0xbffff710:	0xb7fd7ff4	0x080496fc	0xbffff728	0x08048334
0xbffff720:	0xb7ff1040	0x080496fc	0xbffff758	0x08048509
0xbffff730:	0xb7fd8304	0xb7fd7ff4	0x080484f0	0xbffff758
0xbffff740:	0xb7ec6365	0xb7ff1040	0x080484fb	0x00000000
0xbffff750:	0x080484f0	0x00000000	0xbffff7d8	0xb7eadc76
0x8048495 <main+49>:	mov    eax,DWORD PTR [eax]
0x8048497 <main+51>:	mov    DWORD PTR [esp+0x4],eax
0x08048495	16	in stack1/stack1.c
(gdb) x/wx 0xbffff808
0xbffff808:	0xbffff946
(gdb) x/i 0xbffff808
0xbffff808:	inc    esi
(gdb) x/wx $ebp+0xc
0xbffff764:	0xbffff804
(gdb) ni
0x8048497 <main+51>:	mov    DWORD PTR [esp+0x4],eax
eax            0xbffff946	-1073743546
ecx            0x4c28cd40	1277742400
edx            0x2	2
ebx            0xb7fd7ff4	-1208123404
esp            0xbffff6f0	0xbffff6f0
ebp            0xbffff758	0xbffff758
esi            0x0	0
edi            0x0	0
eip            0x8048497	0x8048497 <main+51>
eflags         0x200282	[ SF IF ID ]
cs             0x73	115
ss             0x7b	123
ds             0x7b	123
es             0x7b	123
fs             0x0	0
gs             0x33	51
0xbffff6f0:	0x00000000	0x00000001	0xb7fff8f8	0xb7f0186e
0xbffff700:	0xb7fd7ff4	0xb7ec6165	0xbffff718	0xb7eada75
0xbffff710:	0xb7fd7ff4	0x080496fc	0xbffff728	0x08048334
0xbffff720:	0xb7ff1040	0x080496fc	0xbffff758	0x08048509
0xbffff730:	0xb7fd8304	0xb7fd7ff4	0x080484f0	0xbffff758
0xbffff740:	0xb7ec6365	0xb7ff1040	0x080484fb	0x00000000
0xbffff750:	0x080484f0	0x00000000	0xbffff7d8	0xb7eadc76
0x8048497 <main+51>:	mov    DWORD PTR [esp+0x4],eax
0x804849b <main+55>:	lea    eax,[esp+0x1c]
0x08048497	16	in stack1/stack1.c
(gdb) x/wx 0xbffff946
0xbffff946:	0x41414141
(gdb) x/s 0xbffff946
0xbffff946:	 "AAAABBBBCCCCDDDDEEEEFFFFGGGGHHHHIIIIJJJJKKKKLLLLMMMMNNNNOOOOPPPPQQQQ"
(gdb) x/24wx $ebp
0xbffff758:	0xbffff7d8	0xb7eadc76	0x00000002	0xbffff804
0xbffff768:	0xbffff810	0xb7fe1848	0xbffff7c0	0xffffffff
0xbffff778:	0xb7ffeff4	0x08048281	0x00000001	0xbffff7c0
0xbffff788:	0xb7ff0626	0xb7fffab0	0xb7fe1b28	0xb7fd7ff4
0xbffff798:	0x00000000	0x00000000	0xbffff7d8	0x667e7b50
0xbffff7a8:	0x4c28cd40	0x00000000	0x00000000	0x00000000
(gdb) x/wx $esp+0x4
0xbffff6f4:	0x00000001
(gdb) x/s $esp+0x4
0xbffff6f4:	 "\001"

---


(gdb) ni
0x804849b <main+55>:	lea    eax,[esp+0x1c]
eax            0xbffff946	-1073743546
ecx            0x4c28cd40	1277742400
edx            0x2	2
ebx            0xb7fd7ff4	-1208123404
esp            0xbffff6f0	0xbffff6f0
ebp            0xbffff758	0xbffff758
esi            0x0	0
edi            0x0	0
eip            0x804849b	0x804849b <main+55>
eflags         0x200282	[ SF IF ID ]
cs             0x73	115
ss             0x7b	123
ds             0x7b	123
es             0x7b	123
fs             0x0	0
gs             0x33	51
0xbffff6f0:	0x00000000	0xbffff946	0xb7fff8f8	0xb7f0186e
0xbffff700:	0xb7fd7ff4	0xb7ec6165	0xbffff718	0xb7eada75
0xbffff710:	0xb7fd7ff4	0x080496fc	0xbffff728	0x08048334
0xbffff720:	0xb7ff1040	0x080496fc	0xbffff758	0x08048509
0xbffff730:	0xb7fd8304	0xb7fd7ff4	0x080484f0	0xbffff758
0xbffff740:	0xb7ec6365	0xb7ff1040	0x080484fb	0x00000000
0xbffff750:	0x080484f0	0x00000000	0xbffff7d8	0xb7eadc76
0x804849b <main+55>:	lea    eax,[esp+0x1c]
0x804849f <main+59>:	mov    DWORD PTR [esp],eax
0x0804849b	16	in stack1/stack1.c
(gdb) x/s $esp+0x4
0xbffff6f4:	 "F\371\377\277\370\370\377\267n\030\360\267\364\177\375\267ea\354\267\030\367\377\277u\332\352\267\364\177\375\267\374\226\004\b(\367\377\277\064\203\004\b@\020\377\267\374\226\004\bX\367\377\277\t\205\004\b\004\203\375\267\364\177\375\267\360\204\004\bX\367\377\277ec\354\267@\020\377\267\373\204\004\b"
(gdb) x/wx $esp+0x4
0xbffff6f4:	0xbffff946
(gdb) x/wx $esp+0x1c
0xbffff70c:	0xb7eada75
(gdb) ni
0x804849f <main+59>:	mov    DWORD PTR [esp],eax
eax            0xbffff70c	-1073744116
ecx            0x4c28cd40	1277742400
edx            0x2	2
ebx            0xb7fd7ff4	-1208123404
esp            0xbffff6f0	0xbffff6f0
ebp            0xbffff758	0xbffff758
esi            0x0	0
edi            0x0	0
eip            0x804849f	0x804849f <main+59>
eflags         0x200282	[ SF IF ID ]
cs             0x73	115
ss             0x7b	123
ds             0x7b	123
es             0x7b	123
fs             0x0	0
gs             0x33	51
0xbffff6f0:	0x00000000	0xbffff946	0xb7fff8f8	0xb7f0186e
0xbffff700:	0xb7fd7ff4	0xb7ec6165	0xbffff718	0xb7eada75
0xbffff710:	0xb7fd7ff4	0x080496fc	0xbffff728	0x08048334
0xbffff720:	0xb7ff1040	0x080496fc	0xbffff758	0x08048509
0xbffff730:	0xb7fd8304	0xb7fd7ff4	0x080484f0	0xbffff758
0xbffff740:	0xb7ec6365	0xb7ff1040	0x080484fb	0x00000000
0xbffff750:	0x080484f0	0x00000000	0xbffff7d8	0xb7eadc76
0x804849f <main+59>:	mov    DWORD PTR [esp],eax
0x80484a2 <main+62>:	call   0x8048368 <strcpy@plt>
0x0804849f	16	in stack1/stack1.c
(gdb) ni
0x80484a2 <main+62>:	call   0x8048368 <strcpy@plt>
eax            0xbffff70c	-1073744116
ecx            0x4c28cd40	1277742400
edx            0x2	2
ebx            0xb7fd7ff4	-1208123404
esp            0xbffff6f0	0xbffff6f0
ebp            0xbffff758	0xbffff758
esi            0x0	0
edi            0x0	0
eip            0x80484a2	0x80484a2 <main+62>
eflags         0x200282	[ SF IF ID ]
cs             0x73	115
ss             0x7b	123
ds             0x7b	123
es             0x7b	123
fs             0x0	0
gs             0x33	51
0xbffff6f0:	0xbffff70c	0xbffff946	0xb7fff8f8	0xb7f0186e
0xbffff700:	0xb7fd7ff4	0xb7ec6165	0xbffff718	0xb7eada75
0xbffff710:	0xb7fd7ff4	0x080496fc	0xbffff728	0x08048334
0xbffff720:	0xb7ff1040	0x080496fc	0xbffff758	0x08048509
0xbffff730:	0xb7fd8304	0xb7fd7ff4	0x080484f0	0xbffff758
0xbffff740:	0xb7ec6365	0xb7ff1040	0x080484fb	0x00000000
0xbffff750:	0x080484f0	0x00000000	0xbffff7d8	0xb7eadc76
0x80484a2 <main+62>:	call   0x8048368 <strcpy@plt>
0x80484a7 <main+67>:	mov    eax,DWORD PTR [esp+0x5c]
0x080484a2	16	in stack1/stack1.c
(gdb) ni
0x80484a7 <main+67>:	mov    eax,DWORD PTR [esp+0x5c]
eax            0xbffff70c	-1073744116
ecx            0x0	0
edx            0x45	69
ebx            0xb7fd7ff4	-1208123404
esp            0xbffff6f0	0xbffff6f0
ebp            0xbffff758	0xbffff758
esi            0x0	0
edi            0x0	0
eip            0x80484a7	0x80484a7 <main+67>
eflags         0x200246	[ PF ZF IF ID ]
cs             0x73	115
ss             0x7b	123
ds             0x7b	123
es             0x7b	123
fs             0x0	0
gs             0x33	51
0xbffff6f0:	0xbffff70c	0xbffff946	0xb7fff8f8	0xb7f0186e
0xbffff700:	0xb7fd7ff4	0xb7ec6165	0xbffff718	0x41414141
0xbffff710:	0x42424242	0x43434343	0x44444444	0x45454545
0xbffff720:	0x46464646	0x47474747	0x48484848	0x49494949
0xbffff730:	0x4a4a4a4a	0x4b4b4b4b	0x4c4c4c4c	0x4d4d4d4d
0xbffff740:	0x4e4e4e4e	0x4f4f4f4f	0x50505050	0x51515151
0xbffff750:	0x08048400	0x00000000	0xbffff7d8	0xb7eadc76
0x80484a7 <main+67>:	mov    eax,DWORD PTR [esp+0x5c]
0x80484ab <main+71>:	cmp    eax,0x61626364
18	in stack1/stack1.c
(gdb) x/wx $esp+0x5c
0xbffff74c:	0x51515151
(gdb) ni
0x80484ab <main+71>:	cmp    eax,0x61626364
eax            0x51515151	1364283729
ecx            0x0	0
edx            0x45	69
ebx            0xb7fd7ff4	-1208123404
esp            0xbffff6f0	0xbffff6f0
ebp            0xbffff758	0xbffff758
esi            0x0	0
edi            0x0	0
eip            0x80484ab	0x80484ab <main+71>
eflags         0x200246	[ PF ZF IF ID ]
cs             0x73	115
ss             0x7b	123
ds             0x7b	123
es             0x7b	123
fs             0x0	0
gs             0x33	51
0xbffff6f0:	0xbffff70c	0xbffff946	0xb7fff8f8	0xb7f0186e
0xbffff700:	0xb7fd7ff4	0xb7ec6165	0xbffff718	0x41414141
0xbffff710:	0x42424242	0x43434343	0x44444444	0x45454545
0xbffff720:	0x46464646	0x47474747	0x48484848	0x49494949
0xbffff730:	0x4a4a4a4a	0x4b4b4b4b	0x4c4c4c4c	0x4d4d4d4d
0xbffff740:	0x4e4e4e4e	0x4f4f4f4f	0x50505050	0x51515151
0xbffff750:	0x08048400	0x00000000	0xbffff7d8	0xb7eadc76
0x80484ab <main+71>:	cmp    eax,0x61626364
0x80484b0 <main+76>:	jne    0x80484c0 <main+92>
0x080484ab	18	in stack1/stack1.c
(gdb) 
0x80484b0 <main+76>:	jne    0x80484c0 <main+92>
eax            0x51515151	1364283729
ecx            0x0	0
edx            0x45	69
ebx            0xb7fd7ff4	-1208123404
esp            0xbffff6f0	0xbffff6f0
ebp            0xbffff758	0xbffff758
esi            0x0	0
edi            0x0	0
eip            0x80484b0	0x80484b0 <main+76>
eflags         0x200297	[ CF PF AF SF IF ID ]
cs             0x73	115
ss             0x7b	123
ds             0x7b	123
es             0x7b	123
fs             0x0	0
gs             0x33	51
0xbffff6f0:	0xbffff70c	0xbffff946	0xb7fff8f8	0xb7f0186e
0xbffff700:	0xb7fd7ff4	0xb7ec6165	0xbffff718	0x41414141
0xbffff710:	0x42424242	0x43434343	0x44444444	0x45454545
0xbffff720:	0x46464646	0x47474747	0x48484848	0x49494949
0xbffff730:	0x4a4a4a4a	0x4b4b4b4b	0x4c4c4c4c	0x4d4d4d4d
0xbffff740:	0x4e4e4e4e	0x4f4f4f4f	0x50505050	0x51515151
0xbffff750:	0x08048400	0x00000000	0xbffff7d8	0xb7eadc76
0x80484b0 <main+76>:	jne    0x80484c0 <main+92>
0x80484b2 <main+78>:	mov    DWORD PTR [esp],0x80485bc
0x080484b0	18	in stack1/stack1.c
(gdb) 
0x80484c0 <main+92>:	mov    edx,DWORD PTR [esp+0x5c]
eax            0x51515151	1364283729
ecx            0x0	0
edx            0x45	69
ebx            0xb7fd7ff4	-1208123404
esp            0xbffff6f0	0xbffff6f0
ebp            0xbffff758	0xbffff758
esi            0x0	0
edi            0x0	0
eip            0x80484c0	0x80484c0 <main+92>
eflags         0x200297	[ CF PF AF SF IF ID ]
cs             0x73	115
ss             0x7b	123
ds             0x7b	123
es             0x7b	123
fs             0x0	0
gs             0x33	51
0xbffff6f0:	0xbffff70c	0xbffff946	0xb7fff8f8	0xb7f0186e
0xbffff700:	0xb7fd7ff4	0xb7ec6165	0xbffff718	0x41414141
0xbffff710:	0x42424242	0x43434343	0x44444444	0x45454545
0xbffff720:	0x46464646	0x47474747	0x48484848	0x49494949
0xbffff730:	0x4a4a4a4a	0x4b4b4b4b	0x4c4c4c4c	0x4d4d4d4d
0xbffff740:	0x4e4e4e4e	0x4f4f4f4f	0x50505050	0x51515151
0xbffff750:	0x08048400	0x00000000	0xbffff7d8	0xb7eadc76
0x80484c0 <main+92>:	mov    edx,DWORD PTR [esp+0x5c]
0x80484c4 <main+96>:	mov    eax,0x80485f3
21	in stack1/stack1.c
(gdb) 
0x80484c4 <main+96>:	mov    eax,0x80485f3
eax            0x51515151	1364283729
ecx            0x0	0
edx            0x51515151	1364283729
ebx            0xb7fd7ff4	-1208123404
esp            0xbffff6f0	0xbffff6f0
ebp            0xbffff758	0xbffff758
esi            0x0	0
edi            0x0	0
eip            0x80484c4	0x80484c4 <main+96>
eflags         0x200297	[ CF PF AF SF IF ID ]
cs             0x73	115
ss             0x7b	123
ds             0x7b	123
es             0x7b	123
fs             0x0	0
gs             0x33	51
0xbffff6f0:	0xbffff70c	0xbffff946	0xb7fff8f8	0xb7f0186e
0xbffff700:	0xb7fd7ff4	0xb7ec6165	0xbffff718	0x41414141
0xbffff710:	0x42424242	0x43434343	0x44444444	0x45454545
0xbffff720:	0x46464646	0x47474747	0x48484848	0x49494949
0xbffff730:	0x4a4a4a4a	0x4b4b4b4b	0x4c4c4c4c	0x4d4d4d4d
0xbffff740:	0x4e4e4e4e	0x4f4f4f4f	0x50505050	0x51515151
0xbffff750:	0x08048400	0x00000000	0xbffff7d8	0xb7eadc76
0x80484c4 <main+96>:	mov    eax,0x80485f3
0x80484c9 <main+101>:	mov    DWORD PTR [esp+0x4],edx
0x080484c4	21	in stack1/stack1.c
(gdb) 
0x80484c9 <main+101>:	mov    DWORD PTR [esp+0x4],edx
eax            0x80485f3	134514163
ecx            0x0	0
edx            0x51515151	1364283729
ebx            0xb7fd7ff4	-1208123404
esp            0xbffff6f0	0xbffff6f0
ebp            0xbffff758	0xbffff758
esi            0x0	0
edi            0x0	0
eip            0x80484c9	0x80484c9 <main+101>
eflags         0x200297	[ CF PF AF SF IF ID ]
cs             0x73	115
ss             0x7b	123
ds             0x7b	123
es             0x7b	123
fs             0x0	0
gs             0x33	51
0xbffff6f0:	0xbffff70c	0xbffff946	0xb7fff8f8	0xb7f0186e
0xbffff700:	0xb7fd7ff4	0xb7ec6165	0xbffff718	0x41414141
0xbffff710:	0x42424242	0x43434343	0x44444444	0x45454545
0xbffff720:	0x46464646	0x47474747	0x48484848	0x49494949
0xbffff730:	0x4a4a4a4a	0x4b4b4b4b	0x4c4c4c4c	0x4d4d4d4d
0xbffff740:	0x4e4e4e4e	0x4f4f4f4f	0x50505050	0x51515151
0xbffff750:	0x08048400	0x00000000	0xbffff7d8	0xb7eadc76
0x80484c9 <main+101>:	mov    DWORD PTR [esp+0x4],edx
0x80484cd <main+105>:	mov    DWORD PTR [esp],eax
0x080484c9	21	in stack1/stack1.c
(gdb) 
0x80484cd <main+105>:	mov    DWORD PTR [esp],eax
eax            0x80485f3	134514163
ecx            0x0	0
edx            0x51515151	1364283729
ebx            0xb7fd7ff4	-1208123404
esp            0xbffff6f0	0xbffff6f0
ebp            0xbffff758	0xbffff758
esi            0x0	0
edi            0x0	0
eip            0x80484cd	0x80484cd <main+105>
eflags         0x200297	[ CF PF AF SF IF ID ]
cs             0x73	115
ss             0x7b	123
ds             0x7b	123
es             0x7b	123
fs             0x0	0
gs             0x33	51
0xbffff6f0:	0xbffff70c	0x51515151	0xb7fff8f8	0xb7f0186e
0xbffff700:	0xb7fd7ff4	0xb7ec6165	0xbffff718	0x41414141
0xbffff710:	0x42424242	0x43434343	0x44444444	0x45454545
0xbffff720:	0x46464646	0x47474747	0x48484848	0x49494949
0xbffff730:	0x4a4a4a4a	0x4b4b4b4b	0x4c4c4c4c	0x4d4d4d4d
0xbffff740:	0x4e4e4e4e	0x4f4f4f4f	0x50505050	0x51515151
0xbffff750:	0x08048400	0x00000000	0xbffff7d8	0xb7eadc76
0x80484cd <main+105>:	mov    DWORD PTR [esp],eax
0x80484d0 <main+108>:	call   0x8048378 <printf@plt>
0x080484cd	21	in stack1/stack1.c
(gdb) 
0x80484d0 <main+108>:	call   0x8048378 <printf@plt>
eax            0x80485f3	134514163
ecx            0x0	0
edx            0x51515151	1364283729
ebx            0xb7fd7ff4	-1208123404
esp            0xbffff6f0	0xbffff6f0
ebp            0xbffff758	0xbffff758
esi            0x0	0
edi            0x0	0
eip            0x80484d0	0x80484d0 <main+108>
eflags         0x200297	[ CF PF AF SF IF ID ]
cs             0x73	115
ss             0x7b	123
ds             0x7b	123
es             0x7b	123
fs             0x0	0
gs             0x33	51
0xbffff6f0:	0x080485f3	0x51515151	0xb7fff8f8	0xb7f0186e
0xbffff700:	0xb7fd7ff4	0xb7ec6165	0xbffff718	0x41414141
0xbffff710:	0x42424242	0x43434343	0x44444444	0x45454545
0xbffff720:	0x46464646	0x47474747	0x48484848	0x49494949
0xbffff730:	0x4a4a4a4a	0x4b4b4b4b	0x4c4c4c4c	0x4d4d4d4d
0xbffff740:	0x4e4e4e4e	0x4f4f4f4f	0x50505050	0x51515151
0xbffff750:	0x08048400	0x00000000	0xbffff7d8	0xb7eadc76
0x80484d0 <main+108>:	call   0x8048378 <printf@plt>
0x80484d5 <main+113>:	leave  
0x080484d0	21	in stack1/stack1.c
(gdb) 
Try again, you got 0x51515151
0x80484d5 <main+113>:	leave  
eax            0x1e	30
ecx            0x0	0
edx            0xb7fd9340	-1208118464
ebx            0xb7fd7ff4	-1208123404
esp            0xbffff6f0	0xbffff6f0
ebp            0xbffff758	0xbffff758
esi            0x0	0
edi            0x0	0
eip            0x80484d5	0x80484d5 <main+113>
eflags         0x200296	[ PF AF SF IF ID ]
cs             0x73	115
ss             0x7b	123
ds             0x7b	123
es             0x7b	123
fs             0x0	0
gs             0x33	51
0xbffff6f0:	0x080485f3	0x51515151	0xb7fff8f8	0xb7f0186e
0xbffff700:	0xb7fd7ff4	0xb7ec6165	0xbffff718	0x41414141
0xbffff710:	0x42424242	0x43434343	0x44444444	0x45454545
0xbffff720:	0x46464646	0x47474747	0x48484848	0x49494949
0xbffff730:	0x4a4a4a4a	0x4b4b4b4b	0x4c4c4c4c	0x4d4d4d4d
0xbffff740:	0x4e4e4e4e	0x4f4f4f4f	0x50505050	0x51515151
0xbffff750:	0x08048400	0x00000000	0xbffff7d8	0xb7eadc76
0x80484d5 <main+113>:	leave  
0x80484d6 <main+114>:	ret    
23	in stack1/stack1.c
