## Input without argument (only the program)

eax            0xbffff864	-1073743772
ecx            0x7cb2d9cb	2092095947
edx            0x1	1
ebx            0xb7fd7ff4	-1208123404
esp            0xbffff750	0xbffff750
ebp            0xbffff7b8	0xbffff7b8
esi            0x0	0
edi            0x0	0
eip            0x804846d	0x804846d <main+9>
eflags         0x200286	[ PF SF IF ID ]
cs             0x73	115
ss             0x7b	123
ds             0x7b	123
es             0x7b	123
fs             0x0	0
gs             0x33	51
0x804846d <main+9>:	cmp    DWORD PTR [ebp+0x8],0x1
0x8048471 <main+13>:	jne    0x8048487 <main+35>

(gdb) x/32wx $esp
0xbffff750:	0x00000000	0x00000001	0xb7fff8f8	0xb7f0186e
0xbffff760:	0xb7fd7ff4	0xb7ec6165	0xbffff778	0xb7eada75
0xbffff770:	0xb7fd7ff4	0x080496fc	0xbffff788	0x08048334
0xbffff780:	0xb7ff1040	0x080496fc	0xbffff7b8	0x08048509
0xbffff790:	0xb7fd8304	0xb7fd7ff4	0x080484f0	0xbffff7b8
0xbffff7a0:	0xb7ec6365	0xb7ff1040	0x080484fb	0xb7fd7ff4
0xbffff7b0:	0x080484f0	0x00000000	0xbffff838	0xb7eadc76
0xbffff7c0:	0x00000001	0xbffff864	0xbffff86c	0xb7fe1848

(gdb) x/wx $ebp+0x8
0xbffff7c0:	0x00000001


## Input with 1 argument (program with additional input)
(gdb) r AAAABBBBCCCC
...
eax            0xbffff844	-1073743804
ecx            0x5bed47dc	1542277084
edx            0x2	2
ebx            0xb7fd7ff4	-1208123404
esp            0xbffff730	0xbffff730
ebp            0xbffff798	0xbffff798
esi            0x0	0
edi            0x0	0
eip            0x804846d	0x804846d <main+9>
eflags         0x200286	[ PF SF IF ID ]
cs             0x73	115
ss             0x7b	123
ds             0x7b	123
es             0x7b	123
fs             0x0	0
gs             0x33	51
0x804846d <main+9>:	cmp    DWORD PTR [ebp+0x8],0x1
0x8048471 <main+13>:	jne    0x8048487 <main+35>

(gdb) x/wx $ebp+0x8
0xbffff7a0:	0x00000002

(gdb) x/wx $ebp
0xbffff798:	0xbffff818

(gdb) x/40wx $esp
0xbffff730:	0x00000000	0x00000001	0xb7fff8f8	0xb7f0186e
0xbffff740:	0xb7fd7ff4	0xb7ec6165	0xbffff758	0xb7eada75
0xbffff750:	0xb7fd7ff4	0x080496fc	0xbffff768	0x08048334
0xbffff760:	0xb7ff1040	0x080496fc	0xbffff798	0x08048509
0xbffff770:	0xb7fd8304	0xb7fd7ff4	0x080484f0	0xbffff798
0xbffff780:	0xb7ec6365	0xb7ff1040	0x080484fb	0xb7fd7ff4
0xbffff790:	0x080484f0	0x00000000	0xbffff818	0xb7eadc76
0xbffff7a0:	0x00000002	0xbffff844	0xbffff850	0xb7fe1848
0xbffff7b0:	0xbffff800	0xffffffff	0xb7ffeff4	0x08048281
0xbffff7c0:	0x00000001	0xbffff800	0xb7ff0626	0xb7fffab0


## Input with 2 arguments
(gdb) r AAAA BBBB
...
eax            0xbffff844	-1073743804
ecx            0xe6a7d372	-425208974
edx            0x3	3
ebx            0xb7fd7ff4	-1208123404
esp            0xbffff730	0xbffff730
ebp            0xbffff798	0xbffff798
esi            0x0	0
edi            0x0	0
eip            0x804846d	0x804846d <main+9>
eflags         0x200286	[ PF SF IF ID ]
cs             0x73	115
ss             0x7b	123
ds             0x7b	123
es             0x7b	123
fs             0x0	0
gs             0x33	51
0x804846d <main+9>:	cmp    DWORD PTR [ebp+0x8],0x1
0x8048471 <main+13>:	jne    0x8048487 <main+35>


(gdb) x/wx $ebp+0x8
0xbffff7a0:	0x00000003

(gdb) x/32wx $esp
0xbffff730:	0x00000000	0x00000001	0xb7fff8f8	0xb7f0186e
0xbffff740:	0xb7fd7ff4	0xb7ec6165	0xbffff758	0xb7eada75
0xbffff750:	0xb7fd7ff4	0x080496fc	0xbffff768	0x08048334
0xbffff760:	0xb7ff1040	0x080496fc	0xbffff798	0x08048509
0xbffff770:	0xb7fd8304	0xb7fd7ff4	0x080484f0	0xbffff798
0xbffff780:	0xb7ec6365	0xb7ff1040	0x080484fb	0xb7fd7ff4
0xbffff790:	0x080484f0	0x00000000	0xbffff818	0xb7eadc76
0xbffff7a0:	0x00000003	0xbffff844	0xbffff854	0xb7fe1848

## Input with 3 arguments
(gdb) r AAAA BBBB CCCC
...
eax            0xbffff844	-1073743804
ecx            0x43e18a6f	1138854511
edx            0x4	4
ebx            0xb7fd7ff4	-1208123404
esp            0xbffff730	0xbffff730
ebp            0xbffff798	0xbffff798
esi            0x0	0
edi            0x0	0
eip            0x804846d	0x804846d <main+9>
eflags         0x200286	[ PF SF IF ID ]
cs             0x73	115
ss             0x7b	123
ds             0x7b	123
es             0x7b	123
fs             0x0	0
gs             0x33	51
0x804846d <main+9>:	cmp    DWORD PTR [ebp+0x8],0x1
0x8048471 <main+13>:	jne    0x8048487 <main+35>

(gdb) x/32wx $esp
0xbffff730:	0x00000000	0x00000001	0xb7fff8f8	0xb7f0186e
0xbffff740:	0xb7fd7ff4	0xb7ec6165	0xbffff758	0xb7eada75
0xbffff750:	0xb7fd7ff4	0x080496fc	0xbffff768	0x08048334
0xbffff760:	0xb7ff1040	0x080496fc	0xbffff798	0x08048509
0xbffff770:	0xb7fd8304	0xb7fd7ff4	0x080484f0	0xbffff798
0xbffff780:	0xb7ec6365	0xb7ff1040	0x080484fb	0xb7fd7ff4
0xbffff790:	0x080484f0	0x00000000	0xbffff818	0xb7eadc76
0xbffff7a0:	0x00000004	0xbffff844	0xbffff858	0xb7fe1848
(gdb) x/wx $ebp+0x8
0xbffff7a0:	0x00000004

